<?xml version="1.0" encoding="UTF-8"?>
<!-- Generated by org.testng.reporters.JUnitReportReporter -->
<testsuite hostname="LAPTOP-31O9A7FB" failures="0" tests="1" name="com.qmetry.qaf.example.test.SampleTest" time="4.649" errors="0" timestamp="2021-01-31T12:57:05 IST" skipped="0">
  <testcase classname="com.qmetry.qaf.example.test.SampleTest" name="testGoogleSearch" time="4.649"/>
  <system-out/>
</testsuite> <!-- com.qmetry.qaf.example.test.SampleTest -->
