<?xml version="1.0" encoding="UTF-8"?>
<!-- Generated by org.testng.reporters.JUnitReportReporter -->
<testsuite hostname="LAPTOP-31O9A7FB" failures="0" tests="1" name="com.qmetry.qaf.automation.step.client.Scenario" time="5.244" errors="0" timestamp="2021-02-12T11:27:49 IST" skipped="0">
  <testcase classname="com.qmetry.qaf.automation.step.client.Scenario" name="scenario" time="5.244"/>
  <system-out/>
</testsuite> <!-- com.qmetry.qaf.automation.step.client.Scenario -->
